CRITICAL - 2025-06-23 12:34:11 --> ParseError: syntax error, unexpected token "<<", expecting end of file
[Method: CLI, Route: serve]
in APPPATH\Config\Routes.php on line 60.
 1 SYSTEMPATH\CLI\Console.php(41): CodeIgniter\Router\RouteCollection->loadRoutes()
 2 SYSTEMPATH\Boot.php(360): CodeIgniter\CLI\Console->run()
 3 SYSTEMPATH\Boot.php(104): CodeIgniter\Boot::runCommand(Object(CodeIgniter\CLI\Console))
 4 ROOTPATH\spark(84): CodeIgniter\Boot::bootSpark(Object(Config\Paths))
CRITICAL - 2025-06-23 12:58:47 --> ParseError: syntax error, unexpected token "<<", expecting end of file
[Method: CLI, Route: serve]
in APPPATH\Config\Routes.php on line 60.
 1 SYSTEMPATH\CLI\Console.php(41): CodeIgniter\Router\RouteCollection->loadRoutes()
 2 SYSTEMPATH\Boot.php(360): CodeIgniter\CLI\Console->run()
 3 SYSTEMPATH\Boot.php(104): CodeIgniter\Boot::runCommand(Object(CodeIgniter\CLI\Console))
 4 ROOTPATH\spark(84): CodeIgniter\Boot::bootSpark(Object(Config\Paths))
CRITICAL - 2025-06-23 13:01:11 --> ParseError: syntax error, unexpected token "<<", expecting end of file
[Method: CLI, Route: serve]
in APPPATH\Config\Routes.php on line 60.
 1 SYSTEMPATH\CLI\Console.php(41): CodeIgniter\Router\RouteCollection->loadRoutes()
 2 SYSTEMPATH\Boot.php(360): CodeIgniter\CLI\Console->run()
 3 SYSTEMPATH\Boot.php(104): CodeIgniter\Boot::runCommand(Object(CodeIgniter\CLI\Console))
 4 ROOTPATH\spark(84): CodeIgniter\Boot::bootSpark(Object(Config\Paths))
CRITICAL - 2025-06-23 13:02:25 --> ParseError: syntax error, unexpected token "<<", expecting end of file
[Method: CLI, Route: serve]
in APPPATH\Config\Routes.php on line 60.
 1 SYSTEMPATH\CLI\Console.php(41): CodeIgniter\Router\RouteCollection->loadRoutes()
 2 SYSTEMPATH\Boot.php(360): CodeIgniter\CLI\Console->run()
 3 SYSTEMPATH\Boot.php(104): CodeIgniter\Boot::runCommand(Object(CodeIgniter\CLI\Console))
 4 ROOTPATH\spark(84): CodeIgniter\Boot::bootSpark(Object(Config\Paths))
