CRITICAL - 2025-05-31 00:32:48 --> ErrorException: Undefined variable $artikel
[Method: GET, Route: ajax]
in APPPATH\Views\ajax\index.php on line 85.
 1 APPPATH\Views\ajax\index.php(85): CodeIgniter\Debug\Exceptions->errorHandler(2, 'Undefined variable $artikel', 'C:\\xampp\\htdocs\\Lab7Web\\app\\Views\\ajax\\index.php', 85)
 2 SYSTEMPATH\View\View.php(224): include('C:\\xampp\\htdocs\\Lab7Web\\app\\Views\\ajax\\index.php')
 3 SYSTEMPATH\View\View.php(227): CodeIgniter\View\View->CodeIgniter\View\{closure}()
 4 SYSTEMPATH\Common.php(1173): CodeIgniter\View\View->render('ajax/index', [], true)
 5 APPPATH\Controllers\AjaxController.php(16): view('ajax/index', [...])
 6 SYSTEMPATH\CodeIgniter.php(933): App\Controllers\AjaxController->index()
 7 SYSTEMPATH\CodeIgniter.php(507): CodeIgniter\CodeIgniter->runController(Object(App\Controllers\AjaxController))
 8 SYSTEMPATH\CodeIgniter.php(354): CodeIgniter\CodeIgniter->handleRequest(null, Object(Config\Cache), false)
 9 SYSTEMPATH\Boot.php(334): CodeIgniter\CodeIgniter->run()
10 SYSTEMPATH\Boot.php(67): CodeIgniter\Boot::runCodeIgniter(Object(CodeIgniter\CodeIgniter))
11 FCPATH\index.php(56): CodeIgniter\Boot::bootWeb(Object(Config\Paths))
12 SYSTEMPATH\rewrite.php(44): require_once('C:\\xampp\\htdocs\\Lab7Web\\public\\index.php')
CRITICAL - 2025-05-31 00:34:07 --> ErrorException: Undefined variable $pager
[Method: GET, Route: ajax]
in APPPATH\Views\ajax\index.php on line 117.
 1 APPPATH\Views\ajax\index.php(117): CodeIgniter\Debug\Exceptions->errorHandler(2, 'Undefined variable $pager', 'C:\\xampp\\htdocs\\Lab7Web\\app\\Views\\ajax\\index.php', 117)
 2 SYSTEMPATH\View\View.php(224): include('C:\\xampp\\htdocs\\Lab7Web\\app\\Views\\ajax\\index.php')
 3 SYSTEMPATH\View\View.php(227): CodeIgniter\View\View->CodeIgniter\View\{closure}()
 4 SYSTEMPATH\Common.php(1173): CodeIgniter\View\View->render('ajax/index', [], true)
 5 APPPATH\Controllers\AjaxController.php(16): view('ajax/index', [...])
 6 SYSTEMPATH\CodeIgniter.php(933): App\Controllers\AjaxController->index()
 7 SYSTEMPATH\CodeIgniter.php(507): CodeIgniter\CodeIgniter->runController(Object(App\Controllers\AjaxController))
 8 SYSTEMPATH\CodeIgniter.php(354): CodeIgniter\CodeIgniter->handleRequest(null, Object(Config\Cache), false)
 9 SYSTEMPATH\Boot.php(334): CodeIgniter\CodeIgniter->run()
10 SYSTEMPATH\Boot.php(67): CodeIgniter\Boot::runCodeIgniter(Object(CodeIgniter\CodeIgniter))
11 FCPATH\index.php(56): CodeIgniter\Boot::bootWeb(Object(Config\Paths))
12 SYSTEMPATH\rewrite.php(44): require_once('C:\\xampp\\htdocs\\Lab7Web\\public\\index.php')
CRITICAL - 2025-05-31 00:37:00 --> ErrorException: Undefined variable $pager
[Method: GET, Route: ajax]
in APPPATH\Views\ajax\index.php on line 117.
 1 APPPATH\Views\ajax\index.php(117): CodeIgniter\Debug\Exceptions->errorHandler(2, 'Undefined variable $pager', 'C:\\xampp\\htdocs\\Lab7Web\\app\\Views\\ajax\\index.php', 117)
 2 SYSTEMPATH\View\View.php(224): include('C:\\xampp\\htdocs\\Lab7Web\\app\\Views\\ajax\\index.php')
 3 SYSTEMPATH\View\View.php(227): CodeIgniter\View\View->CodeIgniter\View\{closure}()
 4 SYSTEMPATH\Common.php(1173): CodeIgniter\View\View->render('ajax/index', [], true)
 5 APPPATH\Controllers\AjaxController.php(16): view('ajax/index', [...])
 6 SYSTEMPATH\CodeIgniter.php(933): App\Controllers\AjaxController->index()
 7 SYSTEMPATH\CodeIgniter.php(507): CodeIgniter\CodeIgniter->runController(Object(App\Controllers\AjaxController))
 8 SYSTEMPATH\CodeIgniter.php(354): CodeIgniter\CodeIgniter->handleRequest(null, Object(Config\Cache), false)
 9 SYSTEMPATH\Boot.php(334): CodeIgniter\CodeIgniter->run()
10 SYSTEMPATH\Boot.php(67): CodeIgniter\Boot::runCodeIgniter(Object(CodeIgniter\CodeIgniter))
11 FCPATH\index.php(56): CodeIgniter\Boot::bootWeb(Object(Config\Paths))
12 SYSTEMPATH\rewrite.php(44): require_once('C:\\xampp\\htdocs\\Lab7Web\\public\\index.php')
