DEBUG - 2025-05-21 15:57:39 --> Session: Class initialized using 'CodeIgniter\Session\Handlers\FileHandler' driver.
DEBUG - 2025-05-21 16:13:47 --> Session: Class initialized using 'CodeIgniter\Session\Handlers\FileHandler' driver.
DEBUG - 2025-05-21 16:23:43 --> Session: Class initialized using 'CodeIgniter\Session\Handlers\FileHandler' driver.
DEBUG - 2025-05-21 16:25:01 --> Session: Class initialized using 'CodeIgniter\Session\Handlers\FileHandler' driver.
DEBUG - 2025-05-21 16:25:10 --> Session: Class initialized using 'CodeIgniter\Session\Handlers\FileHandler' driver.
DEBUG - 2025-05-21 16:39:27 --> Session: Class initialized using 'CodeIgniter\Session\Handlers\FileHandler' driver.
CRITICAL - 2025-05-21 16:39:27 --> Error: Call to undefined function set_value()
[Method: GET, Route: admin/artikel]
in APPPATH\Views\artikel\admin_index.php on line 204.
 1 SYSTEMPATH\View\View.php(224): include()
 2 SYSTEMPATH\View\View.php(227): CodeIgniter\View\View->CodeIgniter\View\{closure}()
 3 SYSTEMPATH\Common.php(1173): CodeIgniter\View\View->render('artikel/admin_index', [], true)
 4 APPPATH\Controllers\Artikel.php(41): view('artikel/admin_index', [...])
 5 SYSTEMPATH\CodeIgniter.php(933): App\Controllers\Artikel->admin_index()
 6 SYSTEMPATH\CodeIgniter.php(507): CodeIgniter\CodeIgniter->runController(Object(App\Controllers\Artikel))
 7 SYSTEMPATH\CodeIgniter.php(354): CodeIgniter\CodeIgniter->handleRequest(null, Object(Config\Cache), false)
 8 SYSTEMPATH\Boot.php(334): CodeIgniter\CodeIgniter->run()
 9 SYSTEMPATH\Boot.php(67): CodeIgniter\Boot::runCodeIgniter(Object(CodeIgniter\CodeIgniter))
10 FCPATH\index.php(56): CodeIgniter\Boot::bootWeb(Object(Config\Paths))
11 SYSTEMPATH\rewrite.php(44): require_once('C:\\xampp\\htdocs\\Lab7Web\\public\\index.php')
DEBUG - 2025-05-21 16:39:35 --> Session: Class initialized using 'CodeIgniter\Session\Handlers\FileHandler' driver.
CRITICAL - 2025-05-21 16:39:35 --> Error: Call to undefined function set_value()
[Method: GET, Route: admin/artikel]
in APPPATH\Views\artikel\admin_index.php on line 204.
 1 SYSTEMPATH\View\View.php(224): include()
 2 SYSTEMPATH\View\View.php(227): CodeIgniter\View\View->CodeIgniter\View\{closure}()
 3 SYSTEMPATH\Common.php(1173): CodeIgniter\View\View->render('artikel/admin_index', [], true)
 4 APPPATH\Controllers\Artikel.php(41): view('artikel/admin_index', [...])
 5 SYSTEMPATH\CodeIgniter.php(933): App\Controllers\Artikel->admin_index()
 6 SYSTEMPATH\CodeIgniter.php(507): CodeIgniter\CodeIgniter->runController(Object(App\Controllers\Artikel))
 7 SYSTEMPATH\CodeIgniter.php(354): CodeIgniter\CodeIgniter->handleRequest(null, Object(Config\Cache), false)
 8 SYSTEMPATH\Boot.php(334): CodeIgniter\CodeIgniter->run()
 9 SYSTEMPATH\Boot.php(67): CodeIgniter\Boot::runCodeIgniter(Object(CodeIgniter\CodeIgniter))
10 FCPATH\index.php(56): CodeIgniter\Boot::bootWeb(Object(Config\Paths))
11 SYSTEMPATH\rewrite.php(44): require_once('C:\\xampp\\htdocs\\Lab7Web\\public\\index.php')
CRITICAL - 2025-05-21 17:30:58 --> ErrorException: Undefined variable $title
[Method: GET, Route: admin/artikel/add]
in APPPATH\Views\artikel\form_add.php on line 3.
 1 APPPATH\Views\artikel\form_add.php(3): CodeIgniter\Debug\Exceptions->errorHandler(2, 'Undefined variable $title', 'C:\\xampp\\htdocs\\Lab7Web\\app\\Views\\artikel\\form_add.php', 3)
 2 SYSTEMPATH\View\View.php(224): include('C:\\xampp\\htdocs\\Lab7Web\\app\\Views\\artikel\\form_add.php')
 3 SYSTEMPATH\View\View.php(227): CodeIgniter\View\View->CodeIgniter\View\{closure}()
 4 SYSTEMPATH\Common.php(1173): CodeIgniter\View\View->render('artikel/form_add', [], true)
 5 APPPATH\Controllers\Artikel.php(59): view('artikel/form_add', [...])
 6 SYSTEMPATH\CodeIgniter.php(933): App\Controllers\Artikel->add()
 7 SYSTEMPATH\CodeIgniter.php(507): CodeIgniter\CodeIgniter->runController(Object(App\Controllers\Artikel))
 8 SYSTEMPATH\CodeIgniter.php(354): CodeIgniter\CodeIgniter->handleRequest(null, Object(Config\Cache), false)
 9 SYSTEMPATH\Boot.php(334): CodeIgniter\CodeIgniter->run()
10 SYSTEMPATH\Boot.php(67): CodeIgniter\Boot::runCodeIgniter(Object(CodeIgniter\CodeIgniter))
11 FCPATH\index.php(56): CodeIgniter\Boot::bootWeb(Object(Config\Paths))
12 SYSTEMPATH\rewrite.php(44): require_once('C:\\xampp\\htdocs\\Lab7Web\\public\\index.php')
CRITICAL - 2025-05-21 17:37:32 --> ErrorException: Undefined variable $title
[Method: GET, Route: admin/artikel/add]
in APPPATH\Views\artikel\form_add.php on line 3.
 1 APPPATH\Views\artikel\form_add.php(3): CodeIgniter\Debug\Exceptions->errorHandler(2, 'Undefined variable $title', 'C:\\xampp\\htdocs\\Lab7Web\\app\\Views\\artikel\\form_add.php', 3)
 2 SYSTEMPATH\View\View.php(224): include('C:\\xampp\\htdocs\\Lab7Web\\app\\Views\\artikel\\form_add.php')
 3 SYSTEMPATH\View\View.php(227): CodeIgniter\View\View->CodeIgniter\View\{closure}()
 4 SYSTEMPATH\Common.php(1173): CodeIgniter\View\View->render('artikel/form_add', [], true)
 5 APPPATH\Controllers\Artikel.php(59): view('artikel/form_add', [...])
 6 SYSTEMPATH\CodeIgniter.php(933): App\Controllers\Artikel->add()
 7 SYSTEMPATH\CodeIgniter.php(507): CodeIgniter\CodeIgniter->runController(Object(App\Controllers\Artikel))
 8 SYSTEMPATH\CodeIgniter.php(354): CodeIgniter\CodeIgniter->handleRequest(null, Object(Config\Cache), false)
 9 SYSTEMPATH\Boot.php(334): CodeIgniter\CodeIgniter->run()
10 SYSTEMPATH\Boot.php(67): CodeIgniter\Boot::runCodeIgniter(Object(CodeIgniter\CodeIgniter))
11 FCPATH\index.php(56): CodeIgniter\Boot::bootWeb(Object(Config\Paths))
12 SYSTEMPATH\rewrite.php(44): require_once('C:\\xampp\\htdocs\\Lab7Web\\public\\index.php')
